Build started 3/18/2012 5:29:35 PM.
     1>Project "C:\Users\Steven Kakoczky\Documents\Visual Studio 2010\Projects\SSNScannerDLL\SSNScannerDLL\SSNScannerDLL.vcxproj" on node 2 (rebuild target(s)).
     1>_PrepareForClean:
         Deleting file "Release\Scanner.lastbuildstate".
       InitializeBuildStatus:
         Creating "Release\Scanner.unsuccessfulbuild" because "AlwaysCreate" was specified.
       ClCompile:
         c:\Program Files (x86)\Microsoft Visual Studio 10.0\VC\bin\CL.exe /c /Zi /nologo /W3 /WX- /O2 /Oi /Oy- /GL /D WIN32 /D NDEBUG /D _WINDOWS /D _USRDLL /D SSNSCANNERDLL_EXPORTS /D _WINDLL /D _UNICODE /D UNICODE /Gm- /EHsc /MD /GS /Gy /fp:precise /Zc:wchar_t /Zc:forScope /Fo"Release\\" /Fd"Release\vc100.pdb" /Gd /TP /analyze- /errorReport:prompt Scanner.cpp
         Scanner.cpp
     1>Scanner.cpp(96): warning C4018: '<' : signed/unsigned mismatch
       Link:
         c:\Program Files (x86)\Microsoft Visual Studio 10.0\VC\bin\link.exe /ERRORREPORT:PROMPT /OUT:"C:\Users\Steven Kakoczky\Documents\Visual Studio 2010\Projects\SSNScannerDLL\Release\Scanner.dll" /INCREMENTAL:NO /NOLOGO kernel32.lib user32.lib gdi32.lib winspool.lib comdlg32.lib advapi32.lib shell32.lib ole32.lib oleaut32.lib uuid.lib odbc32.lib odbccp32.lib /MANIFEST /ManifestFile:"Release\Scanner.dll.intermediate.manifest" /MANIFESTUAC:"level='asInvoker' uiAccess='false'" /DEBUG /PDB:"C:\Users\Steven Kakoczky\Documents\Visual Studio 2010\Projects\SSNScannerDLL\Release\Scanner.pdb" /SUBSYSTEM:WINDOWS /OPT:REF /OPT:ICF /LTCG /TLBID:1 /DYNAMICBASE /NXCOMPAT /IMPLIB:"C:\Users\Steven Kakoczky\Documents\Visual Studio 2010\Projects\SSNScannerDLL\Release\Scanner.lib" /MACHINE:X86 /DLL Release\Scanner.obj
            Creating library C:\Users\Steven Kakoczky\Documents\Visual Studio 2010\Projects\SSNScannerDLL\Release\Scanner.lib and object C:\Users\Steven Kakoczky\Documents\Visual Studio 2010\Projects\SSNScannerDLL\Release\Scanner.exp
         Generating code
         Finished generating code
         SSNScannerDLL.vcxproj -> C:\Users\Steven Kakoczky\Documents\Visual Studio 2010\Projects\SSNScannerDLL\Release\Scanner.dll
       Manifest:
         C:\Program Files (x86)\Microsoft SDKs\Windows\v7.0A\bin\mt.exe /nologo /verbose /outputresource:"C:\Users\Steven Kakoczky\Documents\Visual Studio 2010\Projects\SSNScannerDLL\Release\Scanner.dll;#2" /manifest Release\Scanner.dll.intermediate.manifest
       FinalizeBuildStatus:
         Deleting file "Release\Scanner.unsuccessfulbuild".
         Touching "Release\Scanner.lastbuildstate".
     1>Done Building Project "C:\Users\Steven Kakoczky\Documents\Visual Studio 2010\Projects\SSNScannerDLL\SSNScannerDLL\SSNScannerDLL.vcxproj" (rebuild target(s)).

Build succeeded.

Time Elapsed 00:00:06.11
