C:\USERS\STEVEN KAKOCZKY\DOCUMENTS\VISUAL STUDIO 2010\PROJECTS\SSNSCANNERDLL\DEBUG\SCANNER.DLL
C:\Users\Steven Kakoczky\documents\visual studio 2010\Projects\SSNScannerDLL\Debug\Scanner.exp
C:\USERS\STEVEN KAKOCZKY\DOCUMENTS\VISUAL STUDIO 2010\PROJECTS\SSNSCANNERDLL\DEBUG\SCANNER.ILK
C:\Users\Steven Kakoczky\documents\visual studio 2010\Projects\SSNScannerDLL\Debug\Scanner.lib
C:\USERS\STEVEN KAKOCZKY\DOCUMENTS\VISUAL STUDIO 2010\PROJECTS\SSNSCANNERDLL\DEBUG\SCANNER.PDB
C:\Users\Steven Kakoczky\documents\visual studio 2010\Projects\SSNScannerDLL\SSNScannerDLL\Debug\cl.command.1.tlog
C:\Users\Steven Kakoczky\documents\visual studio 2010\Projects\SSNScannerDLL\SSNScannerDLL\Debug\CL.read.1.tlog
C:\Users\Steven Kakoczky\documents\visual studio 2010\Projects\SSNScannerDLL\SSNScannerDLL\Debug\CL.write.1.tlog
C:\Users\Steven Kakoczky\documents\visual studio 2010\Projects\SSNScannerDLL\SSNScannerDLL\Debug\link.4744.read.1.tlog
C:\Users\Steven Kakoczky\documents\visual studio 2010\Projects\SSNScannerDLL\SSNScannerDLL\Debug\link.4744.write.1.tlog
C:\Users\Steven Kakoczky\documents\visual studio 2010\Projects\SSNScannerDLL\SSNScannerDLL\Debug\link.4744-cvtres.read.1.tlog
C:\Users\Steven Kakoczky\documents\visual studio 2010\Projects\SSNScannerDLL\SSNScannerDLL\Debug\link.4744-cvtres.write.1.tlog
C:\Users\Steven Kakoczky\documents\visual studio 2010\Projects\SSNScannerDLL\SSNScannerDLL\Debug\link.command.1.tlog
C:\Users\Steven Kakoczky\documents\visual studio 2010\Projects\SSNScannerDLL\SSNScannerDLL\Debug\link.read.1.tlog
C:\Users\Steven Kakoczky\documents\visual studio 2010\Projects\SSNScannerDLL\SSNScannerDLL\Debug\link.write.1.tlog
C:\Users\Steven Kakoczky\documents\visual studio 2010\Projects\SSNScannerDLL\SSNScannerDLL\Debug\link-cvtres.read.1.tlog
C:\Users\Steven Kakoczky\documents\visual studio 2010\Projects\SSNScannerDLL\SSNScannerDLL\Debug\link-cvtres.write.1.tlog
C:\Users\Steven Kakoczky\documents\visual studio 2010\Projects\SSNScannerDLL\SSNScannerDLL\Debug\mt.command.1.tlog
C:\Users\Steven Kakoczky\documents\visual studio 2010\Projects\SSNScannerDLL\SSNScannerDLL\Debug\mt.read.1.tlog
C:\Users\Steven Kakoczky\documents\visual studio 2010\Projects\SSNScannerDLL\SSNScannerDLL\Debug\mt.write.1.tlog
C:\Users\Steven Kakoczky\documents\visual studio 2010\Projects\SSNScannerDLL\SSNScannerDLL\Debug\rc.command.1.tlog
C:\Users\Steven Kakoczky\documents\visual studio 2010\Projects\SSNScannerDLL\SSNScannerDLL\Debug\rc.read.1.tlog
C:\Users\Steven Kakoczky\documents\visual studio 2010\Projects\SSNScannerDLL\SSNScannerDLL\Debug\rc.write.1.tlog
C:\USERS\STEVEN KAKOCZKY\DOCUMENTS\VISUAL STUDIO 2010\PROJECTS\SSNSCANNERDLL\SSNSCANNERDLL\DEBUG\SCANNER.DLL.EMBED.MANIFEST
C:\USERS\STEVEN KAKOCZKY\DOCUMENTS\VISUAL STUDIO 2010\PROJECTS\SSNSCANNERDLL\SSNSCANNERDLL\DEBUG\SCANNER.DLL.EMBED.MANIFEST.RES
C:\USERS\STEVEN KAKOCZKY\DOCUMENTS\VISUAL STUDIO 2010\PROJECTS\SSNSCANNERDLL\SSNSCANNERDLL\DEBUG\SCANNER.DLL.INTERMEDIATE.MANIFEST
C:\USERS\STEVEN KAKOCZKY\DOCUMENTS\VISUAL STUDIO 2010\PROJECTS\SSNSCANNERDLL\SSNSCANNERDLL\DEBUG\SCANNER.OBJ
C:\Users\Steven Kakoczky\documents\visual studio 2010\Projects\SSNScannerDLL\SSNScannerDLL\Debug\Scanner.write.1.tlog
C:\Users\Steven Kakoczky\documents\visual studio 2010\Projects\SSNScannerDLL\SSNScannerDLL\Debug\Scanner_manifest.rc
C:\Users\Steven Kakoczky\documents\visual studio 2010\Projects\SSNScannerDLL\SSNScannerDLL\Debug\vc100.idb
C:\USERS\STEVEN KAKOCZKY\DOCUMENTS\VISUAL STUDIO 2010\PROJECTS\SSNSCANNERDLL\SSNSCANNERDLL\DEBUG\VC100.PDB
