Build started 3/15/2012 5:39:16 PM.
     1>Project "C:\Users\Steven Kakoczky\documents\visual studio 2010\Projects\SSNScannerDLL\SSNScannerDLL\SSNScannerDLL.vcxproj" on node 2 (rebuild target(s)).
     1>_PrepareForClean:
         Deleting file "Debug\Scanner.lastbuildstate".
       InitializeBuildStatus:
         Creating "Debug\Scanner.unsuccessfulbuild" because "AlwaysCreate" was specified.
       ClCompile:
         c:\Program Files (x86)\Microsoft Visual Studio 10.0\VC\bin\CL.exe /c /ZI /nologo /W3 /WX- /Od /Oy- /D WIN32 /D _DEBUG /D _WINDOWS /D _USRDLL /D SSNSCANNERDLL_EXPORTS /D _WINDLL /D _UNICODE /D UNICODE /Gm /EHsc /RTC1 /MDd /GS /fp:precise /Zc:wchar_t /Zc:forScope /Fo"Debug\\" /Fd"Debug\vc100.pdb" /Gd /TP /analyze- /errorReport:prompt Scanner.cpp
         Scanner.cpp
     1>c:\users\steven kakoczky\documents\visual studio 2010\projects\ssnscannerdll\ssnscannerdll\scanner.cpp(96): warning C4018: '<' : signed/unsigned mismatch
       ManifestResourceCompile:
         C:\Program Files (x86)\Microsoft SDKs\Windows\v7.0A\bin\rc.exe /nologo /fo"Debug\Scanner.dll.embed.manifest.res" Debug\Scanner_manifest.rc 
       Link:
         c:\Program Files (x86)\Microsoft Visual Studio 10.0\VC\bin\link.exe /ERRORREPORT:PROMPT /OUT:"C:\Users\Steven Kakoczky\documents\visual studio 2010\Projects\SSNScannerDLL\Debug\Scanner.dll" /INCREMENTAL /NOLOGO kernel32.lib user32.lib gdi32.lib winspool.lib comdlg32.lib advapi32.lib shell32.lib ole32.lib oleaut32.lib uuid.lib odbc32.lib odbccp32.lib /MANIFEST /ManifestFile:"Debug\Scanner.dll.intermediate.manifest" /MANIFESTUAC:"level='asInvoker' uiAccess='false'" /DEBUG /PDB:"C:\Users\Steven Kakoczky\documents\visual studio 2010\Projects\SSNScannerDLL\Debug\Scanner.pdb" /SUBSYSTEM:WINDOWS /TLBID:1 /DYNAMICBASE /NXCOMPAT /IMPLIB:"C:\Users\Steven Kakoczky\documents\visual studio 2010\Projects\SSNScannerDLL\Debug\Scanner.lib" /MACHINE:X86 /DLL Debug\Scanner.dll.embed.manifest.res
         Debug\Scanner.obj
            Creating library C:\Users\Steven Kakoczky\documents\visual studio 2010\Projects\SSNScannerDLL\Debug\Scanner.lib and object C:\Users\Steven Kakoczky\documents\visual studio 2010\Projects\SSNScannerDLL\Debug\Scanner.exp
       Manifest:
         Deleting file "Debug\Scanner.dll.embed.manifest".
         C:\Program Files (x86)\Microsoft SDKs\Windows\v7.0A\bin\mt.exe /nologo /verbose /out:"Debug\Scanner.dll.embed.manifest" /manifest Debug\Scanner.dll.intermediate.manifest
         C:\Program Files (x86)\Microsoft SDKs\Windows\v7.0A\bin\rc.exe /nologo /fo"Debug\Scanner.dll.embed.manifest.res" Debug\Scanner_manifest.rc 
       LinkEmbedManifest:
         c:\Program Files (x86)\Microsoft Visual Studio 10.0\VC\bin\link.exe /ERRORREPORT:PROMPT /OUT:"C:\Users\Steven Kakoczky\documents\visual studio 2010\Projects\SSNScannerDLL\Debug\Scanner.dll" /INCREMENTAL /NOLOGO kernel32.lib user32.lib gdi32.lib winspool.lib comdlg32.lib advapi32.lib shell32.lib ole32.lib oleaut32.lib uuid.lib odbc32.lib odbccp32.lib /MANIFEST /ManifestFile:"Debug\Scanner.dll.intermediate.manifest" /MANIFESTUAC:"level='asInvoker' uiAccess='false'" /DEBUG /PDB:"C:\Users\Steven Kakoczky\documents\visual studio 2010\Projects\SSNScannerDLL\Debug\Scanner.pdb" /SUBSYSTEM:WINDOWS /TLBID:1 /DYNAMICBASE /NXCOMPAT /IMPLIB:"C:\Users\Steven Kakoczky\documents\visual studio 2010\Projects\SSNScannerDLL\Debug\Scanner.lib" /MACHINE:X86 /DLL Debug\Scanner.dll.embed.manifest.res
         Debug\Scanner.obj
            Creating library C:\Users\Steven Kakoczky\documents\visual studio 2010\Projects\SSNScannerDLL\Debug\Scanner.lib and object C:\Users\Steven Kakoczky\documents\visual studio 2010\Projects\SSNScannerDLL\Debug\Scanner.exp
         SSNScannerDLL.vcxproj -> C:\Users\Steven Kakoczky\documents\visual studio 2010\Projects\SSNScannerDLL\Debug\Scanner.dll
       FinalizeBuildStatus:
         Deleting file "Debug\Scanner.unsuccessfulbuild".
         Touching "Debug\Scanner.lastbuildstate".
     1>Done Building Project "C:\Users\Steven Kakoczky\documents\visual studio 2010\Projects\SSNScannerDLL\SSNScannerDLL\SSNScannerDLL.vcxproj" (rebuild target(s)).

Build succeeded.

Time Elapsed 00:00:06.09
